0:100  0:100  MemLog inited, TSC freq: 2808398850
0:100  0:000  CPU was calibrated with RTC
0:100  0:000  
0:100  0:000  Now is 4.4.2019,  4:51:5 (GMT)
0:100  0:000  Starting Clover revision: 4910 on American Megatrends EFI
0:100  0:000  Build with: [Args: -nb -mc --no-usb -D NO_GRUB_DRIVERS_EMBEDDED | -D DISABLE_USB_SUPPORT -D NO_GRUB_DRIVERS_EMBEDDED -D USE_BIOS_BLOCKIO -D USE_LOW_EBDA -D HAVE_LEGACY_EMURUNTIMEDXE -a X64 -b RELEASE -t XCODE8 -n 5 | OS: 10.13.6 | XCODE: 10.1]
0:100  0:000  SelfDevicePath=PciRoot(0x0)\Pci(0x17,0x0)\Sata(0x1,0xFFFF,0x0)\HD(1,GPT,17695B4B-561E-4550-95D0-B0082EEB1679,0x1000,0x1D0000) @753CF718
0:100  0:000  SelfDirPath = \EFI\BOOT
0:101  0:001  === [ Get Smbios ] ========================================
0:123  0:021  Type 16 Index = 0
0:123  0:000  Total Memory Slots Count = 2
0:123  0:000  Type 17 Index = 0
0:123  0:000  SmbiosTable.Type17->Speed = 2667MHz
0:123  0:000  SmbiosTable.Type17->Size = 8192MB
0:123  0:000  SmbiosTable.Type17->Bank/Device = BANK 0 ChannelA-DIMM0
0:123  0:000  SmbiosTable.Type17->Vendor = 859B
0:123  0:000  SmbiosTable.Type17->SerialNumber = E11ACA05
0:123  0:000  SmbiosTable.Type17->PartNumber = CT8G4SFS8266.C8FD1  
0:123  0:000  Type 17 Index = 1
0:123  0:000  SmbiosTable.Type17->Speed = 2667MHz
0:123  0:000  SmbiosTable.Type17->Size = 8192MB
0:123  0:000  SmbiosTable.Type17->Bank/Device = BANK 2 ChannelB-DIMM0
0:123  0:000  SmbiosTable.Type17->Vendor = 859B
0:123  0:000  SmbiosTable.Type17->SerialNumber = E11D71BB
0:123  0:000  SmbiosTable.Type17->PartNumber = CT8G4SFS8266.M8FD   
0:123  0:000  Boot status=0
0:123  0:000  Running on: 'Deatroyer-Dx II' with board 'Deatroyer-Dx II'
0:123  0:000  === [ GetCPUProperties ] ==================================
0:123  0:000  CPU Vendor = 756E6547 Model=906EA
0:123  0:000   The CPU supported SSE4.1
0:123  0:000  BrandString = Intel(R) Core(TM) i5-8400 CPU @ 2.80GHz
0:123  0:000   The CPU supported turbo
0:123  0:000  MSR 0x35               60006
0:123  0:000   TSC/CCC Information Leaf:
0:123  0:000    numerator     : 234
0:123  0:000    denominator   : 2
0:123  0:000   Calibrated ARTFrequency: 24003408
0:123  0:000  MSR 0xE2 before patch 1E008008
0:123  0:000  MSR 0xE2 is locked, PM patches will be turned on
0:123  0:000  MSR 0xCE              00080838_F1011C00
0:123  0:000  corrected FLEX_RATIO = 0
0:123  0:000  MSR 0x1B0             00000000
0:123  0:000  FSBFrequency = 100 MHz, DMI FSBFrequency = 100 MHz, Corrected FSBFrequency = 100 MHz
0:123  0:000  MaxDiv/MinDiv: 28.0/8
0:123  0:000  Turbo: 39/39/39/40
0:123  0:000  Features: 0xBFEBFBFF
0:123  0:000  Threads: 6
0:123  0:000  Cores: 6
0:123  0:000  FSB: 100 MHz
0:123  0:000  CPU: 2800 MHz
0:123  0:000  TSC: 2800 MHz
0:123  0:000  PIS: 100 MHz
0:123  0:000  ExternalClock: 25 MHz
0:123  0:000  === [ GetDevices ] ========================================
0:123  0:000  PCI (00|00:00.00) : 8086 3EC2 class=060000
0:123  0:000  PCI (00|00:01.00) : 8086 1901 class=060400
0:123  0:000  PCI (00|01:00.00) : 10DE 1C8D class=030000
0:123  0:000   - GFX: Model=Unknown family 137 (Pascal)
0:123  0:000  PCI (00|01:00.01) : 10DE 0FB9 class=040300
0:123  0:000   - HDMI Audio: 
0:123  0:000  PCI (00|00:02.00) : 8086 3E92 class=030000
0:123  0:000   - GFX: Model=Intel UHD Graphics 630 (Intel)
0:123  0:000  PCI (00|00:08.00) : 8086 1911 class=088000
0:123  0:000  PCI (00|00:12.00) : 8086 A379 class=118000
0:123  0:000  PCI (00|00:14.00) : 8086 A36D class=0C0330
0:123  0:000  PCI (00|00:14.02) : 8086 A36F class=050000
0:123  0:000  PCI (00|00:14.03) : 8086 A370 class=028000
0:123  0:000   - WIFI: Vendor=Intel
0:123  0:000  PCI (00|00:16.00) : 8086 A360 class=078000
0:123  0:000  PCI (00|00:17.00) : 8086 A352 class=010601
0:123  0:000  PCI (00|00:1B.00) : 8086 A32C class=060400
0:123  0:000  PCI (00|02:00.00) : 8086 F1A6 class=010802
0:124  0:000  PCI (00|00:1C.00) : 8086 A33C class=060400
0:124  0:000  PCI (00|03:00.00) : 10EC 5287 class=FF0000
0:124  0:000  PCI (00|03:00.01) : 10EC 8168 class=020000
0:124  0:000   - LAN: 0 Vendor=Realtek
0:124  0:000  PCI (00|00:1F.00) : 8086 A304 class=060100
0:124  0:000  PCI (00|00:1F.03) : 8086 A348 class=040300
0:124  0:000  PCI (00|00:1F.04) : 8086 A323 class=0C0500
0:124  0:000  PCI (00|00:1F.05) : 8086 A324 class=0C8000
0:124  0:000  === [ GetDefaultSettings ] ================================
0:124  0:000  Clover load options size = 0 bytes
0:130  0:006  EFI\CLOVER\config.plist loaded: Success
0:152  0:021  === [ GetListOfThemes ] ===================================
0:153  0:001  - [00]: FACK Mojave
0:158  0:004  === [ Found config plists ] ===============================
0:159  0:001  - config.plist
0:159  0:000  === [ GetEarlyUserSettings ] ==============================
0:159  0:000  timeout set to 5
0:159  0:000  Custom boot CUSTOM_BOOT_DISABLED (0x0)
0:159  0:000  KernelXCPM: enabled
0:159  0:000  ForceKextsToLoad: 1 requested
0:159  0:000   - [0]: System\Library\Extensions\IONetworkingFamily.kext
0:159  0:000  KextsToPatch: 3 requested
0:159  0:000   - [00]: IOBufferCopyController (disable IOBufferCopyController (Credit by DalianSky)) :: PlistPatch :: data len: 5
0:159  0:000   - [01]: AppleIntelLpssI2C (Disable AppleIntelLpssI2C (credit by Coolstar)) :: PlistPatch :: data len: 5
0:159  0:000   - [02]: AppleIntelLpssI2CController (Disable AppleIntelLpssI2CCOntroller (credit by Coolstar)) :: PlistPatch :: data len: 5
0:159  0:000  KernelToPatch: 3 requested
0:159  0:000   - [00]: MSR 0xE2 _xcpm_idle instant reboot(c) Pike R. Alpha :: data len: 8
0:159  0:000   - [01]: Disable panic kext logging on 10.13 release kernel (credit vit9696) :: MatchOS: 10.13.x :: data len: 6
0:159  0:000   - [02]: Disable panic kext logging on 10.14 release kernel (credit vit9696) :: MatchOS: 10.14.x :: data len: 6
0:160  0:000  Default theme: FACK Mojave
0:160  0:000  Hiding entries with string Preboot
0:160  0:000  === [ LoadDrivers ] =======================================
0:162  0:002  Loading AptioMemoryFix-64.efi  status=Success
0:169  0:006  Loading AppleImageLoader-64.efi  status=Success
0:173  0:004  Loading FSInject-64.efi  status=Success
0:178  0:004  Loading DataHubDxe-64.efi  status=Success
0:185  0:006  Loading SMCHelper-64.efi  status=Success
0:190  0:005  Loading HFSPlus.efi  status=Success
0:196  0:005   - driver needs connecting
0:196  0:000  Loading ApfsDriverLoader-64.efi  status=Success
0:201  0:005   - driver needs connecting
0:201  0:000  Loading apfs.efi  status=Success
0:214  0:012   - driver needs connecting
0:214  0:000  Loading EmuVariableUefi-64.efi  status=Success
0:219  0:005  EmuVariableUefi Initialize: VariableCommonInitialize = Success, orig services stored, install gEmuVariableControlProtocolGuid = Success
0:220  0:000  3 drivers needs connecting ...
0:220  0:000  PlatformDriverOverrideProtocol not found. Installing ... Success
0:220  0:000  HFS+ driver loaded
0:220  0:000  APFS driver loaded
0:220  0:000  Searching for invalid DiskIo BY_DRIVER connects: not found, all ok
2:597  2:377  EmuVariable InstallEmulation: orig vars copied, emu.var.services installed, CreateEvent VirtualAddressChange = Success, CreateEvent ExitBootServices = Success, set Status=Success
2:628  0:030  === [ InitScreen ] ========================================
2:628  0:000  Console modes reported: 4, available modes:
2:628  0:000   - [01]: 80x25 (current mode)
2:628  0:000   - [02]: 80x25
2:628  0:000   - [03]: 100x31
2:628  0:000   - [04]: 240x56
2:628  0:000  SetScreenResolution: 1920x1080 - setting Mode 0
2:639  0:011  Video mode change to mode #0: Success
2:639  0:000  reinit: self device path=PciRoot(0x0)\Pci(0x17,0x0)\Sata(0x1,0xFFFF,0x0)\HD(1,GPT,17695B4B-561E-4550-95D0-B0082EEB1679,0x1000,0x1D0000)
2:642  0:002  Using embedded font: Success
2:642  0:000  === [ GetMacAddress ] =====================================
2:642  0:000  MAC address of LAN #0= 80:FA:5B:60:77:D1:
2:642  0:000  === [ ScanSPD ] ===========================================
2:643  0:000  Scanning SMBus [8086:A323], mmio: 0xA441C004, ioport: 0xEFA0, hostc: 0x11
2:661  0:018  Slot: 0 Type 26 8192MB 2666MHz Vendor=Crucial Technology PartNo=CT8G4SFS8266.C8FD1 SerialNo=0E01010A0C0A0005
2:679  0:017  Slot: 2 Type 26 8192MB 2666MHz Vendor=Crucial Technology PartNo=CT8G4SFS8266.M8FD SerialNo=0E01010D07010B0B
2:680  0:000  === [ GetAcpiTablesList ] =================================
2:717  0:037  Get Acpi Tables List from RSDT:
2:717  0:000   - [00]: FACP  A M I len=132
2:717  0:000   - [01]: APIC  A M I len=160
2:717  0:000   - [02]: FPDT  A M I len=68
2:717  0:000   - [03]: FIDT  A M I len=156
2:717  0:000   - [04]: MCFG  A M I len=60
2:717  0:000   - [05]: SSDT  A M I len=820
2:717  0:000   - [06]: SSDT  A M I len=6101
2:717  0:000   - [07]: MSDM  A M I len=85
2:717  0:000   - [08]: SSDT  A M I len=6155
2:717  0:000   - [09]: SSDT  A M I len=8354
2:717  0:000   - [10]: UEFI  A M I len=72
2:717  0:000   - [11]: SSDT  A M I len=1418
2:717  0:000   - [12]: LPIT  A M I len=92
2:717  0:000   - [13]: SSDT  A M I len=6696
2:717  0:000   - [14]: SSDT  A M I len=4094
2:717  0:000   - [15]: DBGP  A M I len=52
2:717  0:000   - [16]: DBG2  A M I len=84
2:717  0:000   - [17]: SSDT  A M I len=174
2:717  0:000   - [18]: DMAR  A M I len=168
2:717  0:000   - [19]: BGRT  A M I len=56
2:717  0:000   - [20]: TPM2  A M I len=52
2:717  0:000   - [21]: SSDT  A M I len=7901
2:717  0:000   - [22]: WSMT  A M I len=40
2:717  0:000  Calibrated TSC Frequency = 2808398850 = 2808MHz
2:717  0:000  === [ GetUserSettings ] ===================================
2:717  0:000  Add 2 devices:
2:717  0:000  Add 8 properties:
2:717  0:000   - [00]: NVidia Key: name, len: 9
2:717  0:000   - [01]: NVidia Key: IOName, len: 9
2:717  0:000   - [02]: NVidia Key: class-code, len: 4
2:717  0:000   - [03]: ATI Key: name, len: 9
2:717  0:000   - [04]: ATI Key: IOName, len: 9
2:717  0:000   - [05]: ATI Key: class-code, len: 4
2:717  0:000   - [06]: ATI Key: vendor-id, len: 4
2:717  0:000   - [07]: ATI Key: device-id, len: 4
2:717  0:000  USB FixOwnership: yes
2:717  0:000   - final DSDT Fix mask=00000001
2:717  0:000  PatchesDSDT: 6 requested
2:717  0:000   - [00]: (SSDT: change _OSI to XOSI) lenToFind: 4, lenToReplace: 4, Target Bridge: <null string>
2:717  0:000   - [01]: (Audio: change HDAS to HDEF) lenToFind: 4, lenToReplace: 4, Target Bridge: <null string>
2:717  0:000   - [02]: (IGPU: change HECI to IMEI) lenToFind: 4, lenToReplace: 4, Target Bridge: <null string>
2:717  0:000   - [03]: (IGPU: change MEI to IMEI) lenToFind: 4, lenToReplace: 4, Target Bridge: <null string>
2:717  0:000   - [04]: (IGPU: change GFX0 to IGPU) lenToFind: 4, lenToReplace: 4, Target Bridge: <null string>
2:717  0:000   - [05]: (Instant Wake: change GPRW to XPRW) lenToFind: 7, lenToReplace: 7, Target Bridge: <null string>
2:717  0:000  Using ProductName from config: MacBookPro15,1
2:717  0:000  Found same BiosVersion in clover and config
2:717  0:000  BiosVersion: MBP151.88Z.F000.B00.1809280842
2:717  0:000  BiosReleaseDate: 09/28/2018
2:717  0:000  Using EfiVersion from config: 220.240.2.0.0
2:717  0:000  Using FirmwareFeatures from config: 0xFC0FE137
2:717  0:000  Using FirmwareFeaturesMask from config: 0xFF1FFF3F
2:717  0:000  Board-ID set from config as Mac-937A206F2EE63C01
2:717  0:000  BoardType: 0xA
2:717  0:000  ChassisType: 0x9
2:721  0:003  === [ Found DSDT tables ] =================================
2:723  0:002  - DSDT.aml
2:923  0:200  === [ ScanVolumes ] =======================================
2:923  0:000  Found 12 volumes with blockIO
2:923  0:000  - [00]: Volume: PciRoot(0x0)\Pci(0x17,0x0)\Sata(0x1,0xFFFF,0x0)
2:924  0:000          Result of bootcode detection: bootable unknown (legacy)
2:924  0:000  - [01]: Volume: PciRoot(0x0)\Pci(0x17,0x0)\Sata(0x1,0xFFFF,0x0)\HD(1,GPT,17695B4B-561E-4550-95D0-B0082EEB1679,0x1000,0x1D0000)
2:924  0:000          Result of bootcode detection: bootable Windows (win)
2:931  0:006          This is SelfVolume !!
2:931  0:000  - [02]: Volume: PciRoot(0x0)\Pci(0x17,0x0)\Sata(0x1,0xFFFF,0x0)\HD(2,GPT,D4BDF242-B451-42E8-8CA6-137C2D143034,0x1D1000,0x1DB22288)
2:932  0:000          Result of bootcode detection: bootable unknown (legacy)
2:932  0:000  - [03]: Volume: PciRoot(0x0)\Pci(0x17,0x0)\Sata(0x4,0xFFFF,0x0)
2:933  0:001  - [04]: Volume: PciRoot(0x0)\Pci(0x17,0x0)\Sata(0x1,0xFFFF,0x0)\HD(2,GPT,D4BDF242-B451-42E8-8CA6-137C2D143034,0x1D1000,0x1DB22288)\VenMedia(BE74FCF7-0B7C-49F3-9147-01F4042E6842,17D3C3146A96BF448C9C7A13A9E92D86)
2:933  0:000          hiding this volume
2:933  0:000  - [05]: Volume: PciRoot(0x0)\Pci(0x17,0x0)\Sata(0x1,0xFFFF,0x0)\HD(2,GPT,D4BDF242-B451-42E8-8CA6-137C2D143034,0x1D1000,0x1DB22288)\VenMedia(BE74FCF7-0B7C-49F3-9147-01F4042E6842,1162F2BE5820EC4A9E187527A82371C8)
2:933  0:000  - [06]: Volume: PciRoot(0x0)\Pci(0x17,0x0)\Sata(0x1,0xFFFF,0x0)\HD(2,GPT,D4BDF242-B451-42E8-8CA6-137C2D143034,0x1D1000,0x1DB22288)\VenMedia(BE74FCF7-0B7C-49F3-9147-01F4042E6842,7B8F18E9CE00AE4FA4364852761A8687)
2:933  0:000  - [07]: Volume: PciRoot(0x0)\Pci(0x17,0x0)\Sata(0x1,0xFFFF,0x0)\HD(2,GPT,D4BDF242-B451-42E8-8CA6-137C2D143034,0x1D1000,0x1DB22288)\VenMedia(BE74FCF7-0B7C-49F3-9147-01F4042E6842,15FFF745B8ADDE4CAC7082DAA97794E1)
2:933  0:000  - [08]: Volume: PciRoot(0x0)\Pci(0x17,0x0)\Sata(0x4,0xFFFF,0x0)\HD(1,MBR,0xBFCBCB01,0x800,0x3A385800)
2:966  0:032          Result of bootcode detection: bootable Windows (vista,win)
2:984  0:017  - [09]: Volume: PciRoot(0x0)\Pci(0x1B,0x0)\Pci(0x0,0x0)\NVMe(0x1,00-00-00-00-00-00-00-00)
2:984  0:000          Result of bootcode detection: bootable unknown (legacy)
2:984  0:000  - [10]: Volume: PciRoot(0x0)\Pci(0x1B,0x0)\Pci(0x0,0x0)\NVMe(0x1,00-00-00-00-00-00-00-00)\HD(1,GPT,7E884AC4-8726-43C4-BFB8-CFEC9C17C04C,0x1000,0x190000)
2:984  0:000          Result of bootcode detection: bootable Windows (vista,win)
2:988  0:004  - [11]: Volume: PciRoot(0x0)\Pci(0x1B,0x0)\Pci(0x0,0x0)\NVMe(0x1,00-00-00-00-00-00-00-00)\HD(2,GPT,14ACA424-CA15-465B-8D73-DDDEC2140F80,0x191000,0x1DB6228F)
2:988  0:000          Result of bootcode detection: bootable Windows (vista,win)
3:002  0:014  Loading nvram.plist from Vol 'Hackintosh SSD' - loaded, size=2184
3:008  0:005  === [ PutNvramPlistToRtVars ] =============================
3:008  0:000   Adding Key: Clover.SoundDevice: Size = 52, Data: 02 01 0C 00 D0 41 03 0A 00 00 00 00 01 01 06 00 00 01 01 01 06 00 01 00 03 0A 18 00 EB 3F 00 A9 06 D8 DB 41 A4 91 54 05 FE EF 46 C3 00 00 00 00 7F FF 04 00 
3:008  0:000   Adding Key: Clover.SoundIndex: Size = 1, Data: 00 
3:008  0:000   Adding Key: EFILoginHiDPI: Size = 4, Data: 00 00 00 00 
3:008  0:000   Skipping EmuVariableUefiPresent
3:008  0:000   Adding Key: SystemAudioVolume: Size = 1, Data: 30 
3:008  0:000   Adding Key: SystemAudioVolumeDB: Size = 1, Data: F0 
3:008  0:000   Adding Key: backlight-level: Size = 2, Data: 7B FF 
3:008  0:000   Adding Key: bluetoothActiveControllerInfo: Size = 16, Data: 12 64 5C 0A 00 00 00 00 60 14 F8 28 19 6A 19 F6 
3:008  0:000   Adding Key: csr-active-config: Size = 4, Data: 67 00 00 00 
3:008  0:000   Adding Key: fakesmc-key-#KEY-ui32: Size = 4, Data: 00 00 00 11 
3:008  0:000   Adding Key: fakesmc-key-$Adr-ui32: Size = 4, Data: 00 00 03 00 
3:008  0:000   Adding Key: fakesmc-key-$Num-ui8: Size = 1, Data: 01 
3:008  0:000   Adding Key: fakesmc-key-BATP-flag: Size = 1, Data: 00 
3:008  0:000   Adding Key: fakesmc-key-BBIN-ui8: Size = 1, Data: 01 
3:008  0:000   Adding Key: fakesmc-key-BEMB-flag: Size = 1, Data: 01 
3:008  0:000   Adding Key: fakesmc-key-BNum-ui8: Size = 1, Data: 01 
3:008  0:000   Adding Key: fakesmc-key-EPCI-ui32: Size = 4, Data: 09 A0 F0 00 
3:008  0:000   Adding Key: fakesmc-key-MSAc-ui16: Size = 2, Data: 00 00 
3:008  0:000   Adding Key: fakesmc-key-MSFW-ui8: Size = 2, Data: 01 00 
3:008  0:000   Adding Key: fakesmc-key-MSPS-ui16: Size = 2, Data: 00 03 
3:008  0:000   Adding Key: fakesmc-key-MSTc-ui8: Size = 1, Data: 00 
3:008  0:000   Adding Key: fakesmc-key-MSWr-ui8: Size = 1, Data: 00 
3:008  0:000   Adding Key: fakesmc-key-RBr -ch8*: Size = 8, Data: 32 30 31 38 6D 62 70 00 
3:008  0:000   Adding Key: fakesmc-key-REV -ch8*: Size = 6, Data: 02 45 0F 00 00 00 
3:008  0:000   Adding Key: fakesmc-key-RMde-char: Size = 1, Data: 41 
3:008  0:000   Adding Key: fakesmc-key-RPlt-ch8*: Size = 8, Data: 6A 36 38 30 00 00 00 00 
3:008  0:000   Adding Key: flagstate: Size = 32, Data: 00 00 00 00 00 00 00 00 00 00 00 00 00 00 00 00 00 00 00 00 00 00 00 00 00 00 00 00 00 00 00 00 
3:008  0:000   Adding Key: fmm-computer-name: Size = 20, Data: 42 61 76 65 E2 80 99 73 20 4D 61 63 42 6F 6F 6B 20 50 72 6F 
3:008  0:000   Adding Key: security-mode: String: Size = 4, Val = 'none'
3:008  0:000   Adding Key: specialbootdevice: Size = 110, Data: 02 01 0C 00 D0 41 03 0A 00 00 00 00 01 01 06 00 00 17 03 12 0A 00 01 00 FF FF 00 00 04 01 2A 00 02 00 00 00 00 10 1D 00 00 00 00 00 88 22 B2 1D 00 00 00 00 42 F2 BD D4 51 B4 E8 42 8C A6 13 7C 2D 14 30 34 02 02 04 03 24 00 F7 FC 74 BE 7C 0B F3 49 91 47 01 F4 04 2E 68 42 11 62 F2 BE 58 20 EC 4A 9E 18 75 27 A8 23 71 C8 7F FF 04 00 
3:008  0:000  No AudioIoProtocols, status=Not Found
3:008  0:000  === [ InitTheme ] =========================================
3:008  0:000  use night theme
3:013  0:004  Using theme 'FACK Mojave' (EFI\CLOVER\themes\FACK Mojave)
3:013  0:000  OS main and drive as badge
3:013  0:000  Warning! Character width 23 should be even!
3:014  0:000  file sound read: sound_night.wav Not Found
3:014  0:000  file sound read: sound.wav Not Found
3:018  0:003  Loading font from ThemeDir: Success
3:018  0:000  theme inited
3:018  0:000  Chosen theme FACK Mojave
3:018  0:000  after NVRAM boot-args=-v debug=0x100 dart=0 keepsyms=1 nv_disable=1 -disablegfxfirmware -abm_firstpolldelay=16000
3:018  0:000  === [ Dump SMC keys from NVRAM ] ==========================
3:018  0:000  found AppleSMC protocol
3:019  0:000  Registered 17 SMC keys
3:019  0:000  === [ AddCustomEntries ] ==================================
3:019  0:000  Custom entry 0 Title:"Recovery" Path:"\com.apple.recovery.boot\boot.efi" Type:10 Flags:0x6 matching all volumes
3:019  0:000      Checking volume "MAC_EFI" (PciRoot(0x0)\Pci(0x17,0x0)\Sata(0x1,0xFFFF,0x0)\HD(1,GPT,17695B4B-561E-4550-95D0-B0082EEB1679,0x1000,0x1D0000)) ... skipped because path does not exist
3:019  0:000      Checking volume "Preboot" (PciRoot(0x0)\Pci(0x17,0x0)\Sata(0x1,0xFFFF,0x0)\HD(2,GPT,D4BDF242-B451-42E8-8CA6-137C2D143034,0x1D1000,0x1DB22288)\VenMedia(BE74FCF7-0B7C-49F3-9147-01F4042E6842,17D3C3146A96BF448C9C7A13A9E92D86)) ... skipped because volume is hidden
3:019  0:000      Checking volume "Hackintosh SSD" (PciRoot(0x0)\Pci(0x17,0x0)\Sata(0x1,0xFFFF,0x0)\HD(2,GPT,D4BDF242-B451-42E8-8CA6-137C2D143034,0x1D1000,0x1DB22288)\VenMedia(BE74FCF7-0B7C-49F3-9147-01F4042E6842,1162F2BE5820EC4A9E187527A82371C8)) ... skipped because path does not exist
3:021  0:001      Checking volume "Recovery" (PciRoot(0x0)\Pci(0x17,0x0)\Sata(0x1,0xFFFF,0x0)\HD(2,GPT,D4BDF242-B451-42E8-8CA6-137C2D143034,0x1D1000,0x1DB22288)\VenMedia(BE74FCF7-0B7C-49F3-9147-01F4042E6842,7B8F18E9CE00AE4FA4364852761A8687)) ... skipped because path does not exist
3:021  0:000      Checking volume "VM" (PciRoot(0x0)\Pci(0x17,0x0)\Sata(0x1,0xFFFF,0x0)\HD(2,GPT,D4BDF242-B451-42E8-8CA6-137C2D143034,0x1D1000,0x1DB22288)\VenMedia(BE74FCF7-0B7C-49F3-9147-01F4042E6842,15FFF745B8ADDE4CAC7082DAA97794E1)) ... skipped because path does not exist
3:021  0:000      Checking volume "HDD" (PciRoot(0x0)\Pci(0x17,0x0)\Sata(0x4,0xFFFF,0x0)\HD(1,MBR,0xBFCBCB01,0x800,0x3A385800)) ... skipped because path does not exist
3:021  0:000      Checking volume "WIN10_EFI" (PciRoot(0x0)\Pci(0x1B,0x0)\Pci(0x0,0x0)\NVMe(0x1,00-00-00-00-00-00-00-00)\HD(1,GPT,7E884AC4-8726-43C4-BFB8-CFEC9C17C04C,0x1000,0x190000)) ... skipped because path does not exist
3:021  0:000      Checking volume "Win10" (PciRoot(0x0)\Pci(0x1B,0x0)\Pci(0x0,0x0)\NVMe(0x1,00-00-00-00-00-00-00-00)\HD(2,GPT,14ACA424-CA15-465B-8D73-DDDEC2140F80,0x191000,0x1DB6228F)) ... skipped because path does not exist
3:021  0:000  Custom entry 1 Title:"Windows" Path:"\EFI\Microsoft\Boot\bootmgfw.efi" Options:"-s -h" Type:7 Flags:0x0 matching all volumes
3:021  0:000      Checking volume "MAC_EFI" (PciRoot(0x0)\Pci(0x17,0x0)\Sata(0x1,0xFFFF,0x0)\HD(1,GPT,17695B4B-561E-4550-95D0-B0082EEB1679,0x1000,0x1D0000)) ... skipped because path does not exist
3:022  0:000      Checking volume "Preboot" (PciRoot(0x0)\Pci(0x17,0x0)\Sata(0x1,0xFFFF,0x0)\HD(2,GPT,D4BDF242-B451-42E8-8CA6-137C2D143034,0x1D1000,0x1DB22288)\VenMedia(BE74FCF7-0B7C-49F3-9147-01F4042E6842,17D3C3146A96BF448C9C7A13A9E92D86)) ... skipped because volume is hidden
3:022  0:000      Checking volume "Hackintosh SSD" (PciRoot(0x0)\Pci(0x17,0x0)\Sata(0x1,0xFFFF,0x0)\HD(2,GPT,D4BDF242-B451-42E8-8CA6-137C2D143034,0x1D1000,0x1DB22288)\VenMedia(BE74FCF7-0B7C-49F3-9147-01F4042E6842,1162F2BE5820EC4A9E187527A82371C8)) ... skipped because path does not exist
3:030  0:008      Checking volume "Recovery" (PciRoot(0x0)\Pci(0x17,0x0)\Sata(0x1,0xFFFF,0x0)\HD(2,GPT,D4BDF242-B451-42E8-8CA6-137C2D143034,0x1D1000,0x1DB22288)\VenMedia(BE74FCF7-0B7C-49F3-9147-01F4042E6842,7B8F18E9CE00AE4FA4364852761A8687)) ... skipped because path does not exist
3:031  0:000      Checking volume "VM" (PciRoot(0x0)\Pci(0x17,0x0)\Sata(0x1,0xFFFF,0x0)\HD(2,GPT,D4BDF242-B451-42E8-8CA6-137C2D143034,0x1D1000,0x1DB22288)\VenMedia(BE74FCF7-0B7C-49F3-9147-01F4042E6842,15FFF745B8ADDE4CAC7082DAA97794E1)) ... skipped because path does not exist
3:031  0:000      Checking volume "HDD" (PciRoot(0x0)\Pci(0x17,0x0)\Sata(0x4,0xFFFF,0x0)\HD(1,MBR,0xBFCBCB01,0x800,0x3A385800)) ... skipped because path does not exist
3:031  0:000      Checking volume "WIN10_EFI" (PciRoot(0x0)\Pci(0x1B,0x0)\Pci(0x0,0x0)\NVMe(0x1,00-00-00-00-00-00-00-00)\HD(1,GPT,7E884AC4-8726-43C4-BFB8-CFEC9C17C04C,0x1000,0x190000)) ... match!
3:050  0:019  Custom settings: <null string>.plist will  be applied
3:050  0:000      Checking volume "Win10" (PciRoot(0x0)\Pci(0x1B,0x0)\Pci(0x0,0x0)\NVMe(0x1,00-00-00-00-00-00-00-00)\HD(2,GPT,14ACA424-CA15-465B-8D73-DDDEC2140F80,0x191000,0x1DB6228F)) ... skipped because path does not exist
3:050  0:000  === [ ScanLoader ] ========================================
3:050  0:000  - [01]: 'MAC_EFI'
3:136  0:086          AddLoaderEntry for Volume Name=MAC_EFI
3:136  0:000          skipped because entry is hidden
3:136  0:000  - [04]: 'Preboot', hidden
3:136  0:000  - [05]: 'Hackintosh SSD'
3:267  0:130          AddLoaderEntry for Volume Name=Hackintosh SSD
3:296  0:029      hibernated: set as never
3:316  0:020          [!] Icon 18 (icons\vol_internal_apfs.icns) not found (path: EFI\CLOVER\themes\FACK Mojave)
3:504  0:187  - [06]: 'Recovery'
3:515  0:010          AddLoaderEntry for Volume Name=Recovery
3:613  0:098  - [07]: 'VM'
3:662  0:048  - [08]: 'HDD'
3:709  0:047  - [10]: 'WIN10_EFI'
3:710  0:000          AddLoaderEntry for Volume Name=WIN10_EFI
3:710  0:000       skipped because path `PciRoot(0x0)\Pci(0x1B,0x0)\Pci(0x0,0x0)\NVMe(0x1,00-00-00-00-00-00-00-00)\HD(1,GPT,7E884AC4-8726-43C4-BFB8-CFEC9C17C04C,0x1000,0x190000)\EFI\microsoft\Boot\bootmgfw.efii` already exists for another entry!
3:759  0:048          AddLoaderEntry for Volume Name=WIN10_EFI
3:759  0:000          skipped because entry is hidden
3:759  0:000  - [11]: 'Win10'
3:806  0:047  === [ AddCustomTool ] =====================================
3:810  0:004  found tool \EFI\CLOVER\tools\Shell64U.efi
3:810  0:000  Checking EFI partition Volume 10 for Clover
3:812  0:002  EmuVariable InstallEmulation: EFI_ALREADY_STARTED
3:812  0:000  === [ GetEfiBootDeviceFromNvram ] =========================
3:812  0:000   - found entry 1. 'Boot macOS from Hackintosh SSD', Volume 'Hackintosh SSD', DevicePath 'PciRoot(0x0)\Pci(0x17,0x0)\Sata(0x1,0xFFFF,0x0)\HD(2,GPT,D4BDF242-B451-42E8-8CA6-137C2D143034,0x1D1000,0x1DB22288)\VenMedia(BE74FCF7-0B7C-49F3-9147-01F4042E6842,1162F2BE5820EC4A9E187527A82371C8)\System\Library\CoreServices\boot.efii'
3:812  0:000  EmuVariable UninstallEmulation: CloseEvent = Success, original var services restored
3:812  0:000  DefaultIndex=1 and MainMenu.EntryCount=6
3:812  0:000  Use anime=Anim_1_Logo frames=150
4:074  0:261   found 150 frames of the anime
4:074  0:000  recalculated Screen->Film position
4:074  0:000   Anime seems OK, init it
4:374  0:299  GUI ready
8:252  3:877  BootVariable of the entry is empty
8:252  0:000  === [ StartLoader ] =======================================
8:252  0:000  Finally: ExternalClock=26MHz BusSpeed=100300kHz CPUFreq=2808MHz PIS: hw.busfrequency=104000000Hz
8:252  0:000  Loading boot.efi  status=Success
8:281  0:028  GetOSVersion: 10.14.4 (18E226)
8:281  0:000  CSR_CFG: CSR_ALLOW_UNTRUSTED_KEXTS | CSR_ALLOW_UNRESTRICTED_FS | CSR_ALLOW_TASK_FOR_PID | CSR_ALLOW_UNRESTRICTED_DTRACE | CSR_ALLOW_UNRESTRICTED_NVRAM
8:281  0:000  Filtering KextPatches:
8:281  0:000   - [00]: IOBufferCopyController (disable IOBufferCopyController (Credit by DalianSky)) :: PlistPatch :: [OS: 10.14.4 | MatchOS: All | MatchBuild: All] ==> allowed
8:281  0:000   - [01]: AppleIntelLpssI2C (Disable AppleIntelLpssI2C (credit by Coolstar)) :: PlistPatch :: [OS: 10.14.4 | MatchOS: All | MatchBuild: All] ==> allowed
8:281  0:000   - [02]: AppleIntelLpssI2CController (Disable AppleIntelLpssI2CCOntroller (credit by Coolstar)) :: PlistPatch :: [OS: 10.14.4 | MatchOS: All | MatchBuild: All] ==> allowed
8:281  0:000  Filtering KernelPatches:
8:281  0:000   - [00]: MSR 0xE2 _xcpm_idle instant reboot(c) Pike R. Alpha :: [OS: 10.14.4 | MatchOS: All | MatchBuild: no] ==> allowed by OS
8:281  0:000   - [01]: Disable panic kext logging on 10.13 release kernel (credit vit9696) :: [OS: 10.14.4 | MatchOS: 10.13.x | MatchBuild: no] ==> not allowed by OS
8:281  0:000   - [02]: Disable panic kext logging on 10.14 release kernel (credit vit9696) :: [OS: 10.14.4 | MatchOS: 10.14.x | MatchBuild: no] ==> allowed by OS
8:281  0:000  Will not patch boot.efi
8:281  0:000  EmuVariable InstallEmulation: orig vars copied, emu.var.services installed, CreateEvent VirtualAddressChange = Success, CreateEvent ExitBootServices = Success, set Status=Success
8:312  0:030  === [ PatchSmbios ] =======================================
8:312  0:000  insert table 9 for dev 0:0
8:312  0:000  insert table 9 for dev 0:1
8:312  0:000  insert table 9 for dev 0:1
8:312  0:000  insert table 9 for dev 14:3
8:313  0:000  Trusting SMBIOS...
8:313  0:000  Detected alternating SMBIOS channel banks
8:313  0:000  Channels: 2
8:313  0:000  Interleave: 0 2 1 3 4 6 5 7 8 10 9 11 12 14 13 15 16 18 17 19 20 22 21 23
8:313  0:000   partNum=CT8G4SFS8266.C8FD1  
8:313  0:000  SMBIOS Type 17 Index = 0 => 0 0:
8:313  0:000  BANK 0 DIMM0 2667MHz 8192MB
8:313  0:000   partNum=CT8G4SFS8266.M8FD   
8:313  0:000  SMBIOS Type 17 Index = 1 => 1 2:
8:313  0:000  BANK 1 DIMM0 2667MHz 8192MB
8:313  0:000  mTotalSystemMemory = 16384
8:313  0:000  NumberOfMemoryDevices = 2
8:313  0:000  Type20[0]->End = 0x7FFFFF, Type17[0] = 0x2000
8:313  0:000  Type20[1]->End = 0xFFFFFF, Type17[1] = 0x6000
8:313  0:000  Table 131 is present, CPUType=31
8:313  0:000  Change to: 605
8:313  0:000  === [ PatchACPI ] =========================================
8:313  0:000  Xsdt reallocation done
8:313  0:000  old FADT length=114
8:313  0:000   SignatureFixup: 0xEBBCBC91 -> 0x0
8:316  0:003  DSDT found in Clover volume OEM folder: EFI\CLOVER\ACPI\patched\DSDT.aml
8:320  0:004  Apply DsdtFixMask=0x00000001
8:320  0:000     drop _DSM mask=0x0000
8:320  0:000  === [ FixBiosDsdt ] =======================================
8:321  0:000  Patching DSDT:
8:321  0:000   - [SSDT: change _OSI to XOSI]: pattern 5F4F5349, patched at: [ (8F83) (37FD5) (3) (11) (18) (1C) (1C) (1A) (18) (18) (18) (18) ]
8:321  0:000   - [Audio: change HDAS to HDEF]: pattern 48444153, patched at: [ (29D) (12) (12) (CD5B) (76) (3F) (66) (A7) (DB) (89) (1E6EB) (8FCC) (D610) (163B) ]
8:321  0:000   - [IGPU: change HECI to IMEI]: pattern 48454349, patched at: [ (117D7) (307EF) (1C10) ]
8:322  0:000   - [IGPU: change MEI to IMEI]: pattern 4D45495F, bin not found / already patched!
8:322  0:000   - [IGPU: change GFX0 to IGPU]: pattern 47465830, patched at: [ (199) (E) (12) (12) (12) (12) (12) (12) (12) (12) (12) (12) (37FC) (4E31) (B) (84F) (2D815) (14) (91) (13) (10BF) (72) (2D) (7A) (2D) (279) (12D) (148A) (4421) (453C) (17E6) ]
8:322  0:000   - [Instant Wake: change GPRW to XPRW]: pattern 47505257, patched at: [ (418F6) ]
8:322  0:000    0 replacements
8:324  0:001  PreCleanup XSDT: count=23, length=220
8:324  0:000  PreCleanup XSDT, corrected XSDT: count=23, length=220
8:324  0:000  === [ ACPIPatchedAML ] ====================================
8:324  0:000  AutoMerge pass 1
8:324  0:000  Unsorted
8:324  0:000  Inserting SSDT-Disable-DGPU.aml from EFI\CLOVER\ACPI\patched: ignore on pass 1
8:324  0:000  Inserting SSDT-PNLF_CoffeeLake.aml from EFI\CLOVER\ACPI\patched: ignore on pass 1
8:324  0:000  Inserting SSDT-USBX.aml from EFI\CLOVER\ACPI\patched: ignore on pass 1
8:324  0:000  Inserting SSDT-UIAC.aml from EFI\CLOVER\ACPI\patched: ignore on pass 1
8:324  0:000  === [ ACPIDropTables ] ====================================
8:324  0:000  0. [SSDT: change _OSI to XOSI]: pattern 5F4F5349, bin not found / already patched!
8:324  0:000  1. [Audio: change HDAS to HDEF]: pattern 48444153, bin not found / already patched!
8:324  0:000  2. [IGPU: change HECI to IMEI]: pattern 48454349, bin not found / already patched!
8:324  0:000  3. [IGPU: change MEI to IMEI]: pattern 4D45495F, bin not found / already patched!
8:324  0:000  4. [IGPU: change GFX0 to IGPU]: pattern 47465830, bin not found / already patched!
8:324  0:000  5. [Instant Wake: change GPRW to XPRW]: pattern 47505257, bin not found / already patched!
8:324  0:000    0 replacements
8:324  0:000  0. [SSDT: change _OSI to XOSI]: pattern 5F4F5349, bin not found / already patched!
8:324  0:000  1. [Audio: change HDAS to HDEF]: pattern 48444153, bin not found / already patched!
8:324  0:000  2. [IGPU: change HECI to IMEI]: pattern 48454349, bin not found / already patched!
8:324  0:000  3. [IGPU: change MEI to IMEI]: pattern 4D45495F, bin not found / already patched!
8:324  0:000  4. [IGPU: change GFX0 to IGPU]: pattern 47465830, bin not found / already patched!
8:324  0:000  5. [Instant Wake: change GPRW to XPRW]: pattern 47505257, bin not found / already patched!
8:324  0:000    0 replacements
8:324  0:000  Found OperationRegion(PNVS, SystemMemory, 7ADC2000, ...)
8:324  0:000  0. [SSDT: change _OSI to XOSI]: pattern 5F4F5349, bin not found / already patched!
8:324  0:000  1. [Audio: change HDAS to HDEF]: pattern 48444153, bin not found / already patched!
8:324  0:000  2. [IGPU: change HECI to IMEI]: pattern 48454349, bin not found / already patched!
8:324  0:000  3. [IGPU: change MEI to IMEI]: pattern 4D45495F, bin not found / already patched!
8:324  0:000  4. [IGPU: change GFX0 to IGPU]: pattern 47465830, patched at: [ (2D) (10C) (2C1) (C95) (1D) (6AF) ]
8:324  0:000  5. [Instant Wake: change GPRW to XPRW]: pattern 47505257, bin not found / already patched!
8:324  0:000    0 replacements
8:324  0:000  Found OperationRegion(SANV, SystemMemory, 7A106118, ...)
8:324  0:000  0. [SSDT: change _OSI to XOSI]: pattern 5F4F5349, bin not found / already patched!
8:324  0:000  1. [Audio: change HDAS to HDEF]: pattern 48444153, bin not found / already patched!
8:324  0:000  2. [IGPU: change HECI to IMEI]: pattern 48454349, bin not found / already patched!
8:324  0:000  3. [IGPU: change MEI to IMEI]: pattern 4D45495F, bin not found / already patched!
8:324  0:000  4. [IGPU: change GFX0 to IGPU]: pattern 47465830, bin not found / already patched!
8:324  0:000  5. [Instant Wake: change GPRW to XPRW]: pattern 47505257, bin not found / already patched!
8:324  0:000    0 replacements
8:324  0:000  0. [SSDT: change _OSI to XOSI]: pattern 5F4F5349, bin not found / already patched!
8:324  0:000  1. [Audio: change HDAS to HDEF]: pattern 48444153, bin not found / already patched!
8:324  0:000  2. [IGPU: change HECI to IMEI]: pattern 48454349, bin not found / already patched!
8:324  0:000  3. [IGPU: change MEI to IMEI]: pattern 4D45495F, bin not found / already patched!
8:324  0:000  4. [IGPU: change GFX0 to IGPU]: pattern 47465830, bin not found / already patched!
8:324  0:000  5. [Instant Wake: change GPRW to XPRW]: pattern 47505257, bin not found / already patched!
8:324  0:000    0 replacements
8:324  0:000  0. [SSDT: change _OSI to XOSI]: pattern 5F4F5349, bin not found / already patched!
8:324  0:000  1. [Audio: change HDAS to HDEF]: pattern 48444153, bin not found / already patched!
8:324  0:000  2. [IGPU: change HECI to IMEI]: pattern 48454349, bin not found / already patched!
8:324  0:000  3. [IGPU: change MEI to IMEI]: pattern 4D45495F, bin not found / already patched!
8:325  0:000  4. [IGPU: change GFX0 to IGPU]: pattern 47465830, bin not found / already patched!
8:325  0:000  5. [Instant Wake: change GPRW to XPRW]: pattern 47505257, bin not found / already patched!
8:325  0:000    0 replacements
8:325  0:000  0. [SSDT: change _OSI to XOSI]: pattern 5F4F5349, bin not found / already patched!
8:325  0:000  1. [Audio: change HDAS to HDEF]: pattern 48444153, bin not found / already patched!
8:325  0:000  2. [IGPU: change HECI to IMEI]: pattern 48454349, bin not found / already patched!
8:325  0:000  3. [IGPU: change MEI to IMEI]: pattern 4D45495F, bin not found / already patched!
8:325  0:000  4. [IGPU: change GFX0 to IGPU]: pattern 47465830, bin not found / already patched!
8:325  0:000  5. [Instant Wake: change GPRW to XPRW]: pattern 47505257, bin not found / already patched!
8:325  0:000    0 replacements
8:325  0:000  0. [SSDT: change _OSI to XOSI]: pattern 5F4F5349, bin not found / already patched!
8:325  0:000  1. [Audio: change HDAS to HDEF]: pattern 48444153, bin not found / already patched!
8:325  0:000  2. [IGPU: change HECI to IMEI]: pattern 48454349, bin not found / already patched!
8:325  0:000  3. [IGPU: change MEI to IMEI]: pattern 4D45495F, bin not found / already patched!
8:325  0:000  4. [IGPU: change GFX0 to IGPU]: pattern 47465830, bin not found / already patched!
8:325  0:000  5. [Instant Wake: change GPRW to XPRW]: pattern 47505257, bin not found / already patched!
8:325  0:000    0 replacements
8:325  0:000  0. [SSDT: change _OSI to XOSI]: pattern 5F4F5349, patched at: [ (1635) ]
8:325  0:000  1. [Audio: change HDAS to HDEF]: pattern 48444153, bin not found / already patched!
8:325  0:000  2. [IGPU: change HECI to IMEI]: pattern 48454349, bin not found / already patched!
8:325  0:000  3. [IGPU: change MEI to IMEI]: pattern 4D45495F, bin not found / already patched!
8:325  0:000  4. [IGPU: change GFX0 to IGPU]: pattern 47465830, patched at: [ (55) (28) (772) (91) (53D) (10C9) (11) ]
8:325  0:000  5. [Instant Wake: change GPRW to XPRW]: pattern 47505257, bin not found / already patched!
8:325  0:000    0 replacements
8:325  0:000  === [ ACPIPatchedAML ] ====================================
8:325  0:000  AutoMerge pass 2
8:325  0:000  Unsorted
8:325  0:000  Inserting SSDT-Disable-DGPU.aml from EFI\CLOVER\ACPI\patched: size=1411 ... Success
8:326  0:001  Inserting SSDT-PNLF_CoffeeLake.aml from EFI\CLOVER\ACPI\patched: size=313 ... Success
8:329  0:002  Inserting SSDT-USBX.aml from EFI\CLOVER\ACPI\patched: size=185 ... Success
8:331  0:001  Inserting SSDT-UIAC.aml from EFI\CLOVER\ACPI\patched: size=419 ... Success
8:332  0:001  CPUBase=0 and ApicCPUBase=1 ApicCPUNum=1
8:332  0:000  Maximum control=0x1C
8:332  0:000  Turbo control=0x28
8:332  0:000  P-States: min 0x8, max 0x28
8:332  0:000  SSDT with plugin-type without P-States is generated
8:332  0:000  Cleanup XSDT: count=28, length=260
8:332  0:000  corrected XSDT count=28, length=260
8:332  0:000  === [ RestSetup macOS ] ===================================
8:332  0:000  EdidDiscovered size=128
8:332  0:000  --- Discovered EDID Table size:128
8:332  0:000  000  |  00  FF  FF  FF  FF  FF  FF  00  09  E5
8:332  0:000  010  |  79  06  00  00  00  00  01  19  01  04
8:332  0:000  020  |  A5  22  13  78  02  24  10  97  59  54
8:332  0:000  030  |  8E  27  1E  50  54  00  00  00  01  01
8:333  0:000  040  |  01  01  01  01  01  01  01  01  01  01
8:333  0:000  050  |  01  01  01  01  3C  37  80  DE  70  38
8:333  0:000  060  |  14  40  30  20  36  00  58  C2  10  00
8:333  0:000  070  |  00  1A  D2  24  80  DE  70  38  14  40
8:333  0:000  080  |  30  20  36  00  58  C2  10  00  00  1A
8:333  0:000  090  |  00  00  00  00  00  00  00  00  00  00
8:333  0:000  100  |  00  00  00  00  00  00  00  00  00  00
8:333  0:000  110  |  00  02  00  09  3E  FF  0A  3C  6E  13
8:333  0:000  120  |  14  22  6E  00  00  00  00  C3
8:333  0:000  add device: PciRoot(0x0)/Pci(0x2,0x0)
8:333  0:000     Add key=framebuffer-unifiedmem valuelen=4
8:333  0:000     Add key=framebuffer-stolenmem valuelen=4
8:333  0:000     Add key=framebuffer-portcount valuelen=4
8:333  0:000     Add key=framebuffer-patch-enable valuelen=4
8:333  0:000     Add key=framebuffer-fbmem valuelen=4
8:333  0:000     Add key=framebuffer-con2-index valuelen=4
8:333  0:000     Add key=framebuffer-con2-enable valuelen=4
8:333  0:000     Add key=framebuffer-con1-type valuelen=4
8:333  0:000     Add key=framebuffer-con1-pipe valuelen=4
8:333  0:000     Add key=framebuffer-con1-enable valuelen=4
8:333  0:000     Add key=framebuffer-con1-busid valuelen=4
8:333  0:000     Add key=framebuffer-con0-pipe valuelen=4
8:333  0:000     Add key=framebuffer-con0-enable valuelen=4
8:333  0:000     Add key=device-id valuelen=4
8:333  0:000     Add key=AAPL,ig-platform-id valuelen=4
8:333  0:000  add device: PciRoot(0x0)/Pci(0x1F,0x3)
8:333  0:000     Add key=layout-id valuelen=4
8:333  0:000     Add key=device-id valuelen=4
8:333  0:000  NVidia GFX injection not set
8:333  0:000  Intel GFX injection not set
8:333  0:000   RCBA disabled; cannot use it
8:333  0:000  stringlength = 2630
8:333  0:000  CurrentMode: Width=1920 Height=1080
8:333  0:000  Beginning FSInjection
FSInjectionInstall ...
- Our FSI_SIMPLE_FILE_SYSTEM_PROTOCOL installed on handle: 74D65818
FSInjectionInstall ...
- Our FSI_SIMPLE_FILE_SYSTEM_PROTOCOL installed on handle: 74D65818
8:336  0:002  Use origin smbios table type 1 guid.
8:340  0:004    Force kext: System\Library\Extensions\IONetworkingFamily.kext
8:429  0:088      Force PlugIn kext: System\Library\Extensions\IONetworkingFamily.kext\Contents\PlugIns\nvenet.kext
8:460  0:031      Force PlugIn kext: System\Library\Extensions\IONetworkingFamily.kext\Contents\PlugIns\AppleEthernetAquantiaAqtion.kext
8:491  0:030      Force PlugIn kext: System\Library\Extensions\IONetworkingFamily.kext\Contents\PlugIns\AppleBCM5701Ethernet.kext
8:520  0:029      Force PlugIn kext: System\Library\Extensions\IONetworkingFamily.kext\Contents\PlugIns\AppleIntelI210Ethernet.kext
8:549  0:028      Force PlugIn kext: System\Library\Extensions\IONetworkingFamily.kext\Contents\PlugIns\Intel82574L.kext
8:580  0:031      Force PlugIn kext: System\Library\Extensions\IONetworkingFamily.kext\Contents\PlugIns\IOEthernetAVBController.kext
8:607  0:026      Force PlugIn kext: System\Library\Extensions\IONetworkingFamily.kext\Contents\PlugIns\AppleYukon2.kext
8:639  0:031      Force PlugIn kext: System\Library\Extensions\IONetworkingFamily.kext\Contents\PlugIns\AppleIntel8254XEthernet.kext
8:665  0:026      Force PlugIn kext: System\Library\Extensions\IONetworkingFamily.kext\Contents\PlugIns\AppleVmxnet3Ethernet.kext
8:692  0:026      Force PlugIn kext: System\Library\Extensions\IONetworkingFamily.kext\Contents\PlugIns\mDNSOffloadUserClient.kext
8:718  0:025  Preparing kexts injection for arch=x86_64 from EFI\CLOVER\kexts\Other
8:718  0:000  Extra kext: EFI\CLOVER\kexts\Other\USBInjectAll.kext (v.0.7.1)
8:794  0:076  Extra kext: EFI\CLOVER\kexts\Other\RealtekRTL8111.kext (v.2.2.2)
8:802  0:007  Extra kext: EFI\CLOVER\kexts\Other\NoTouchID.kext (v.1.0.0)
8:806  0:004  Extra kext: EFI\CLOVER\kexts\Other\WhateverGreen.kext (v.1.2.7)
8:818  0:011  Extra kext: EFI\CLOVER\kexts\Other\FakeSMC_ACPISensors.kext (v.1800)
8:827  0:009  Extra kext: EFI\CLOVER\kexts\Other\FakeSMC_CPUSensors.kext (v.1800)
8:833  0:005  Extra kext: EFI\CLOVER\kexts\Other\FakeSMC_GPUSensors.kext (v.1800)
8:840  0:006  Extra kext: EFI\CLOVER\kexts\Other\FakeSMC_LPCSensors.kext (v.1800)
8:891  0:051  Extra kext: EFI\CLOVER\kexts\Other\FakeSMC_SMMSensors.kext (v.1800)
8:897  0:005  Extra kext: EFI\CLOVER\kexts\Other\FakeSMC.kext (v.1800)
8:905  0:007  Extra kext: EFI\CLOVER\kexts\Other\HoRNDIS.kext (v.9.2)
8:912  0:007  Extra kext: EFI\CLOVER\kexts\Other\CPUFriend.kext (v.1.1.6)
8:919  0:006  Extra kext: EFI\CLOVER\kexts\Other\Lilu.kext (v.1.3.5)
8:927  0:007  Extra kext: EFI\CLOVER\kexts\Other\AppleALC.kext (v.1.3.6)
9:038  0:111  Extra kext: EFI\CLOVER\kexts\Other\VoodooPS2Controller.kext (v.1.9.2)
9:048  0:009    |-- PlugIn kext: EFI\CLOVER\kexts\Other\VoodooPS2Controller.kext\Contents\PlugIns\VoodooPS2Mouse.kext (v.1.9.2)
9:058  0:010    |-- PlugIn kext: EFI\CLOVER\kexts\Other\VoodooPS2Controller.kext\Contents\PlugIns\VoodooPS2Keyboard.kext (v.1.9.2)
9:075  0:016    |-- PlugIn kext: EFI\CLOVER\kexts\Other\VoodooPS2Controller.kext\Contents\PlugIns\VoodooPS2Trackpad.kext (v.1.9.2)
9:091  0:016  Extra kext: EFI\CLOVER\kexts\Other\USBPorts.kext (v.1.0)
9:096  0:004  Extra kext: EFI\CLOVER\kexts\Other\ACPIBatteryManager.kext (v.1.90.1)
9:107  0:011  Custom boot screen not used because entry has unset use graphics
9:108  0:000  Closing log
